2024-08-01 20:15:47,614 INFO o.a.j.u.JMeterUtils: Setting Locale to en_EN
2024-08-01 20:15:47,627 INFO o.a.j.JMeter: Loading user properties from: /opt/homebrew/Cellar/jmeter/5.6.3/libexec/bin/user.properties
2024-08-01 20:15:47,628 INFO o.a.j.JMeter: Loading system properties from: /opt/homebrew/Cellar/jmeter/5.6.3/libexec/bin/system.properties
2024-08-01 20:15:47,631 INFO o.a.j.JMeter: Copyright (c) 1998-2024 The Apache Software Foundation
2024-08-01 20:15:47,631 INFO o.a.j.JMeter: Version 5.6.3
2024-08-01 20:15:47,631 INFO o.a.j.JMeter: java.version=21.0.4
2024-08-01 20:15:47,631 INFO o.a.j.JMeter: java.vm.name=OpenJDK 64-Bit Server VM
2024-08-01 20:15:47,631 INFO o.a.j.JMeter: os.name=Mac OS X
2024-08-01 20:15:47,631 INFO o.a.j.JMeter: os.arch=aarch64
2024-08-01 20:15:47,631 INFO o.a.j.JMeter: os.version=14.5
2024-08-01 20:15:47,631 INFO o.a.j.JMeter: file.encoding=UTF-8
2024-08-01 20:15:47,632 INFO o.a.j.JMeter: java.awt.headless=null
2024-08-01 20:15:47,632 INFO o.a.j.JMeter: Max memory     =1073741824
2024-08-01 20:15:47,632 INFO o.a.j.JMeter: Available Processors =8
2024-08-01 20:15:47,638 INFO o.a.j.JMeter: Default Locale=English (EN)
2024-08-01 20:15:47,638 INFO o.a.j.JMeter: JMeter  Locale=English (EN)
2024-08-01 20:15:47,638 INFO o.a.j.JMeter: JMeterHome=/opt/homebrew/Cellar/jmeter/5.6.3/libexec
2024-08-01 20:15:47,638 INFO o.a.j.JMeter: user.dir  =/Users/acruzch/IS3-FINAL_PROJECT
2024-08-01 20:15:47,638 INFO o.a.j.JMeter: PWD       =/Users/acruzch/IS3-FINAL_PROJECT
2024-08-01 20:15:47,640 INFO o.a.j.JMeter: IP: 127.0.0.1 Name: Alains-MacBook-Air.local FullName: localhost
